#
# There is insufficient memory for the Java Runtime Environment to continue.
# Native memory allocation (mmap) failed to map 268435456 bytes. Error detail: G1 virtual space
# Possible reasons:
#   The system is out of physical RAM or swap space
#   This process is running with CompressedOops enabled, and the Java Heap may be blocking the growth of the native heap
# Possible solutions:
#   Reduce memory load on the system
#   Increase physical memory or swap space
#   Check if swap backing store is full
#   Decrease Java heap size (-Xmx/-Xms)
#   Decrease number of Java threads
#   Decrease Java thread stack sizes (-Xss)
#   Set larger code cache with -XX:ReservedCodeCacheSize=
#   JVM is running with Zero Based Compressed Oops mode in which the Java heap is
#     placed in the first 32GB address space. The Java Heap base address is the
#     maximum limit for the native heap growth. Please use -XX:HeapBaseMinAddress
#     to set the Java Heap base and to place the Java Heap above 32GB virtual address.
# This output file may be truncated or incomplete.
#
#  Out of Memory Error (os_windows.cpp:3825), pid=3844, tid=12936
#
# JRE version:  (17.0.11) (build )
# Java VM: OpenJDK 64-Bit Server VM (17.0.11+0--11852314, mixed mode, sharing, tiered, compressed oops, compressed class ptrs, g1 gc, windows-amd64)
# No core dump will be written. Minidumps are not enabled by default on client versions of Windows
#

---------------  S U M M A R Y ------------

Command Line: org.jetbrains.kotlin.cli.jvm.K2JVMCompiler @C:\Users\GAMER\AndroidStudioProjects\TugasListWisata\app\build\20241105_4379257445927290463.compiler.options

Host: Intel(R) Core(TM) i5-6400 CPU @ 2.70GHz, 4 cores, 15G,  Windows 10 , 64 bit Build 19041 (10.0.19041.4957)
Time: Tue Nov  5 06:10:00 2024 SE Asia Standard Time elapsed time: 0.011577 seconds (0d 0h 0m 0s)

---------------  T H R E A D  ---------------

Current thread (0x000001fcfd6ec790):  JavaThread "Unknown thread" [_thread_in_vm, id=12936, stack(0x0000006262a00000,0x0000006262b00000)]

Stack: [0x0000006262a00000,0x0000006262b00000]
Native frames: (J=compiled Java code, j=interpreted, Vv=VM code, C=native code)
V  [jvm.dll+0x687bb9]
V  [jvm.dll+0x84142a]
V  [jvm.dll+0x8430ae]
V  [jvm.dll+0x843713]
V  [jvm.dll+0x24a35f]
V  [jvm.dll+0x684989]
V  [jvm.dll+0x67923a]
V  [jvm.dll+0x30af0b]
V  [jvm.dll+0x3123b6]
V  [jvm.dll+0x361dfe]
V  [jvm.dll+0x36202f]
V  [jvm.dll+0x2e0d38]
V  [jvm.dll+0x2e1ca4]
V  [jvm.dll+0x811f21]
V  [jvm.dll+0x36fb68]
V  [jvm.dll+0x7f0896]
V  [jvm.dll+0x3f3d2f]
V  [jvm.dll+0x3f58e1]
C  [jli.dll+0x528f]
C  [ucrtbase.dll+0x21bb2]
C  [KERNEL32.DLL+0x17374]
C  [ntdll.dll+0x4cc91]


---------------  P R O C E S S  ---------------

Threads class SMR info:
_java_thread_list=0x00007ffbee36efd8, length=0, elements={
}

Java Threads: ( => current thread )

Other Threads:
  0x000001fcfd79bd50 GCTaskThread "GC Thread#0" [stack: 0x0000006262b00000,0x0000006262c00000] [id=10560]
  0x000001fcfd7acbb0 ConcurrentGCThread "G1 Main Marker" [stack: 0x0000006262c00000,0x0000006262d00000] [id=10264]
  0x000001fcfd7ad5d0 ConcurrentGCThread "G1 Conc#0" [stack: 0x0000006262d00000,0x0000006262e00000] [id=11680]

[error occurred during error reporting (printing all threads), id 0xc0000005, EXCEPTION_ACCESS_VIOLATION (0xc0000005) at pc=0x00007ffbedb21907]

VM state: not at safepoint (not fully initialized)

VM Mutex/Monitor currently owned by a thread:  ([mutex/lock_event])
[0x000001fcfd732220] Heap_lock - owner thread: 0x000001fcfd6ec790

Heap address: 0x0000000700e00000, size: 4082 MB, Compressed Oops mode: Zero based, Oop shift amount: 3

CDS archive(s) mapped at: [0x0000000000000000-0x0000000000000000-0x0000000000000000), size 0, SharedBaseAddress: 0x0000000800000000, ArchiveRelocationMode: 1.
Narrow klass base: 0x0000000000000000, Narrow klass shift: 0, Narrow klass range: 0x0

GC Precious Log:
<Empty>

Heap:
 garbage-first heap   total 0K, used 0K [0x0000000700e00000, 0x0000000800000000)
  region size 2048K, 0 young (0K), 0 survivors (0K)
 Metaspace       used 0K, committed 0K, reserved 0K
  class space    used 0K, committed 0K, reserved 0K

Heap Regions: E=young(eden), S=young(survivor), O=old, HS=humongous(starts), HC=humongous(continues), CS=collection set, F=free, OA=open archive, CA=closed archive, TAMS=top-at-mark-start (previous, next)

Card table byte_map: [0x000001fc92420000,0x000001fc92c20000] _byte_map_base: 0x000001fc8ec19000

Marking Bits (Prev, Next): (CMBitMap*) 0x000001fcfd79c370, (CMBitMap*) 0x000001fcfd79c3b0
 Prev Bits: [0x000001fc93420000, 0x000001fc973e8000)
 Next Bits: [0x000001fc973f0000, 0x000001fc9b3b8000)

GC Heap History (0 events):
No events

Dll operation events (1 events):
Event: 0.007 Loaded shared library C:\Program Files\Android\Android Studio\jbr\bin\java.dll

Deoptimization events (0 events):
No events

Classes unloaded (0 events):
No events

Classes redefined (0 events):
No events

Internal exceptions (0 events):
No events

VM Operations (0 events):
No events

Events (0 events):
No events


Dynamic libraries:
0x00007ff6b87b0000 - 0x00007ff6b87ba000 	C:\Program Files\Android\Android Studio\jbr\bin\java.exe
0x00007ffc6fe90000 - 0x00007ffc70088000 	C:\Windows\SYSTEM32\ntdll.dll
0x00007ffc6e580000 - 0x00007ffc6e642000 	C:\Windows\System32\KERNEL32.DLL
0x00007ffc6d9f0000 - 0x00007ffc6dcee000 	C:\Windows\System32\KERNELBASE.dll
0x00007ffc6dcf0000 - 0x00007ffc6ddf0000 	C:\Windows\System32\ucrtbase.dll
0x00007ffc61a40000 - 0x00007ffc61a57000 	C:\Program Files\Android\Android Studio\jbr\bin\jli.dll
0x00007ffc69fe0000 - 0x00007ffc69ffb000 	C:\Program Files\Android\Android Studio\jbr\bin\VCRUNTIME140.dll
0x00007ffc6deb0000 - 0x00007ffc6e04d000 	C:\Windows\System32\USER32.dll
0x00007ffc6d5e0000 - 0x00007ffc6d602000 	C:\Windows\System32\win32u.dll
0x00007ffc61ba0000 - 0x00007ffc61e3a000 	C:\Windows\WinSxS\amd64_microsoft.windows.common-controls_6595b64144ccf1df_6.0.19041.4355_none_60b8b9eb71f62e16\COMCTL32.dll
0x00007ffc6faa0000 - 0x00007ffc6facb000 	C:\Windows\System32\GDI32.dll
0x00007ffc6d6d0000 - 0x00007ffc6d7e7000 	C:\Windows\System32\gdi32full.dll
0x00007ffc6e480000 - 0x00007ffc6e51e000 	C:\Windows\System32\msvcrt.dll
0x00007ffc6d7f0000 - 0x00007ffc6d88d000 	C:\Windows\System32\msvcp_win.dll
0x00007ffc6e660000 - 0x00007ffc6e68f000 	C:\Windows\System32\IMM32.DLL
0x00007ffc6a2c0000 - 0x00007ffc6a2cc000 	C:\Program Files\Android\Android Studio\jbr\bin\vcruntime140_1.dll
0x00007ffc4ebc0000 - 0x00007ffc4ec4d000 	C:\Program Files\Android\Android Studio\jbr\bin\msvcp140.dll
0x00007ffbed830000 - 0x00007ffbee4b3000 	C:\Program Files\Android\Android Studio\jbr\bin\server\jvm.dll
0x00007ffc6e050000 - 0x00007ffc6e102000 	C:\Windows\System32\ADVAPI32.dll
0x00007ffc6fa00000 - 0x00007ffc6faa0000 	C:\Windows\System32\sechost.dll
0x00007ffc6fd20000 - 0x00007ffc6fe43000 	C:\Windows\System32\RPCRT4.dll
0x00007ffc6de80000 - 0x00007ffc6dea7000 	C:\Windows\System32\bcrypt.dll
0x00007ffc6d2e0000 - 0x00007ffc6d32b000 	C:\Windows\SYSTEM32\POWRPROF.dll
0x00007ffc6a360000 - 0x00007ffc6a369000 	C:\Windows\SYSTEM32\WSOCK32.dll
0x00007ffc62830000 - 0x00007ffc62857000 	C:\Windows\SYSTEM32\WINMM.dll
0x00007ffc6e330000 - 0x00007ffc6e39b000 	C:\Windows\System32\WS2_32.dll
0x00007ffc65680000 - 0x00007ffc6568a000 	C:\Windows\SYSTEM32\VERSION.dll
0x00007ffc6d2c0000 - 0x00007ffc6d2d2000 	C:\Windows\SYSTEM32\UMPDC.dll
0x00007ffc6bd60000 - 0x00007ffc6bd72000 	C:\Windows\SYSTEM32\kernel.appcore.dll
0x00007ffc6a210000 - 0x00007ffc6a21a000 	C:\Program Files\Android\Android Studio\jbr\bin\jimage.dll
0x00007ffc6b250000 - 0x00007ffc6b434000 	C:\Windows\SYSTEM32\DBGHELP.DLL
0x00007ffc50c10000 - 0x00007ffc50c44000 	C:\Windows\SYSTEM32\dbgcore.DLL
0x00007ffc6ddf0000 - 0x00007ffc6de72000 	C:\Windows\System32\bcryptPrimitives.dll
0x00007ffc67f00000 - 0x00007ffc67f25000 	C:\Program Files\Android\Android Studio\jbr\bin\java.dll

dbghelp: loaded successfully - version: 4.0.5 - missing functions: none
symbol engine: initialized successfully - sym options: 0x614 - pdb path: .;C:\Program Files\Android\Android Studio\jbr\bin;C:\Windows\SYSTEM32;C:\Windows\WinSxS\amd64_microsoft.windows.common-controls_6595b64144ccf1df_6.0.19041.4355_none_60b8b9eb71f62e16;C:\Program Files\Android\Android Studio\jbr\bin\server

VM Arguments:
java_command: org.jetbrains.kotlin.cli.jvm.K2JVMCompiler @C:\Users\GAMER\AndroidStudioProjects\TugasListWisata\app\build\20241105_4379257445927290463.compiler.options
java_class_path (initial): C:\Users\GAMER\.gradle\caches\modules-2\files-2.1\org.jetbrains.kotlin\kotlin-compiler-embeddable\1.9.0\2c8c3a7402becca891f12739b3e9fd2dc2adbd7a\kotlin-compiler-embeddable-1.9.0.jar;C:\Users\GAMER\.gradle\caches\modules-2\files-2.1\org.jetbrains.kotlin\kotlin-stdlib\1.9.0\8ee15ef0c67dc83d874f412d84378d7f0eb50b63\kotlin-stdlib-1.9.0.jar;C:\Users\GAMER\.gradle\caches\modules-2\files-2.1\org.jetbrains.kotlin\kotlin-script-runtime\1.9.0\4b3102cbbb7e1b58d9d1adf89563f00069ffa7d1\kotlin-script-runtime-1.9.0.jar;C:\Users\GAMER\.gradle\caches\modules-2\files-2.1\org.jetbrains.kotlin\kotlin-reflect\1.6.10\1cbe9c92c12a94eea200d23c2bbaedaf3daf5132\kotlin-reflect-1.6.10.jar;C:\Users\GAMER\.gradle\caches\modules-2\files-2.1\org.jetbrains.kotlin\kotlin-daemon-embeddable\1.9.0\186543f5e28cf8d9a0290fecc2cf34301c40a65c\kotlin-daemon-embeddable-1.9.0.jar;C:\Users\GAMER\.gradle\caches\modules-2\files-2.1\org.jetbrains.intellij.deps\trove4j\1.0.20200330\3afb14d5f9ceb459d724e907a21145e8ff394f02\trove4j-1.0.20200330.jar;C:\Users\GAMER\.gradle\caches\modules-2\files-2.1\org.jetbrains.kotlin\kotlin-stdlib-common\1.9.0\cd65c21cfd1eec4d44ef09f9f52b6d9f8a720636\kotlin-stdlib-common-1.9.0.jar;C:\Users\GAMER\.gradle\caches\modules-2\files-2.1\org.jetbrains\annotations\13.0\919f0dfe192fb4e063e7dacadee7f8bb9a2672a9\annotations-13.0.jar
Launcher Type: SUN_STANDARD

[Global flags]
     intx CICompilerCount                          = 3                                         {product} {ergonomic}
     uint ConcGCThreads                            = 1                                         {product} {ergonomic}
     uint G1ConcRefinementThreads                  = 4                                         {product} {ergonomic}
   size_t G1HeapRegionSize                         = 2097152                                   {product} {ergonomic}
    uintx GCDrainStackTargetSize                   = 64                                        {product} {ergonomic}
   size_t InitialHeapSize                          = 268435456                                 {product} {ergonomic}
   size_t MarkStackSize                            = 4194304                                   {product} {ergonomic}
   size_t MaxHeapSize                              = 4280287232                                {product} {ergonomic}
   size_t MinHeapDeltaBytes                        = 2097152                                   {product} {ergonomic}
   size_t MinHeapSize                              = 8388608                                   {product} {ergonomic}
    uintx NonNMethodCodeHeapSize                   = 5832780                                {pd product} {ergonomic}
    uintx NonProfiledCodeHeapSize                  = 122912730                              {pd product} {ergonomic}
    uintx ProfiledCodeHeapSize                     = 122912730                              {pd product} {ergonomic}
    uintx ReservedCodeCacheSize                    = 251658240                              {pd product} {ergonomic}
     bool SegmentedCodeCache                       = true                                      {product} {ergonomic}
   size_t SoftMaxHeapSize                          = 4280287232                             {manageable} {ergonomic}
     bool UseCompressedClassPointers               = true                           {product lp64_product} {ergonomic}
     bool UseCompressedOops                        = true                           {product lp64_product} {ergonomic}
     bool UseG1GC                                  = true                                      {product} {ergonomic}
     bool UseLargePagesIndividualAllocation        = false                                  {pd product} {ergonomic}

Logging:
Log output configuration:
 #0: stdout all=warning uptime,level,tags
 #1: stderr all=off uptime,level,tags

Environment Variables:
PATH=C:\Program Files\Common Files\Oracle\Java\javapath;C:\Program Files (x86)\Common Files\Oracle\Java\javapath;C:\Program Files (x86)\Common Files\Intel\Shared Files\cpp\bin\Intel64;C:\Windows\system32;C:\Windows;C:\Windows\System32\Wbem;C:\Windows\System32\WindowsPowerShell\v1.0\;C:\Windows\System32\OpenSSH\;C:\Program Files (x86)\NVIDIA Corporation\PhysX\Common;C:\WINDOWS\system32;C:\WINDOWS;C:\WINDOWS\System32\Wbem;C:\WINDOWS\System32\WindowsPowerShell\v1.0\;C:\WINDOWS\System32\OpenSSH\;C:\Program Files\dotnet\;C:\Program Files (x86)\dotnet\;C:\xampp\php;C:\ProgramData\ComposerSetup\bin;c:\Users\GAMER\AppData\Local\Programs\cursor\resources\app\bin;C:\Program Files\Cloudflare\Cloudflare WARP\;C:\Program Files\dotnet;C:\Users\GAMER\.dotnet\tools;C:\Users\GAMER\AppData\Local\Programs\Python\Python310\Scripts\;C:\Users\GAMER\AppData\Local\Programs\Python\Python310\;C:\Users\GAMER\AppData\Local\Microsoft\WindowsApps;C:\Users\GAMER\AppData\Local\Programs\Microsoft VS Code\bin;C:\MinGW\bin;C:\Users\GAMER\AppData\Local\spicetify;C:\Users\GAMER\AppData\Roaming\Composer\vendor\bin;
USERNAME=GAMER
OS=Windows_NT
PROCESSOR_IDENTIFIER=Intel64 Family 6 Model 94 Stepping 3, GenuineIntel
TMP=C:\Users\GAMER\AppData\Local\Temp
TEMP=C:\Users\GAMER\AppData\Local\Temp



Periodic native trim disabled

JNI global refs:
JNI global refs: 0, weak refs: 0

JNI global refs memory usage: 0, weak refs: 0

Process memory usage:
Resident Set Size: 11724K (0% of 16718996K total physical memory with 2251228K free physical memory)

OOME stack traces (most recent first):
Classloader memory used:


---------------  S Y S T E M  ---------------

OS:
 Windows 10 , 64 bit Build 19041 (10.0.19041.4957)
OS uptime: 9 days 5:01 hours

CPU: total 4 (initial active 4) (4 cores per cpu, 1 threads per core) family 6 model 94 stepping 3 microcode 0xcc, cx8, cmov, fxsr, mmx, 3dnowpref, sse, sse2, sse3, ssse3, sse4.1, sse4.2, popcnt, lzcnt, tsc, tscinvbit, avx, avx2, aes, erms, clmul, bmi1, bmi2, adx, fma, vzeroupper, clflush, clflushopt
Processor Information for all 4 processors :
  Max Mhz: 2701, Current Mhz: 2701, Mhz Limit: 2701

Memory: 4k page, system-wide physical 16327M (2198M free)
TotalPageFile size 16327M (AvailPageFile size 85M)
current process WorkingSet (physical memory assigned to process): 11M, peak: 11M
current process commit charge ("private bytes"): 52M, peak: 308M

vm_info: OpenJDK 64-Bit Server VM (17.0.11+0--11852314) for windows-amd64 JRE (17.0.11+0--11852314), built on May 16 2024 21:29:20 by "androidbuild" with MS VC++ 16.10 / 16.11 (VS2019)

END.
